\BOOKMARK [1][-]{section*.7}{\376\377\000C\000o\000n\000t\000e\000n\000t\000s}{}% 1
\BOOKMARK [1][-]{section.1}{\376\377\000I\000n\000t\000r\000o\000d\000u\000c\000t\000i\000o\000n}{}% 2
\BOOKMARK [2][-]{subsection.1.1}{\376\377\000M\000o\000t\000i\000v\000a\000t\000i\000o\000n}{section.1}% 3
\BOOKMARK [2][-]{subsection.1.2}{\376\377\000A\000i\000m\000\040\000o\000f\000\040\000t\000h\000i\000s\000\040\000T\000h\000e\000s\000i\000s}{section.1}% 4
\BOOKMARK [2][-]{subsection.1.3}{\376\377\000S\000t\000a\000t\000e\000\040\000o\000f\000\040\000R\000e\000s\000e\000a\000r\000c\000h}{section.1}% 5
\BOOKMARK [1][-]{section.2}{\376\377\000U\000n\000d\000e\000r\000l\000y\000i\000n\000g\000\040\000C\000o\000n\000c\000e\000p\000t\000s}{}% 6
\BOOKMARK [2][-]{subsection.2.1}{\376\377\000R\000a\000d\000i\000o\000m\000i\000c\000s}{section.2}% 7
\BOOKMARK [3][-]{subsubsection.2.1.1}{\376\377\000I\000m\000a\000g\000e\000\040\000A\000c\000q\000u\000i\000s\000i\000t\000i\000o\000n}{subsection.2.1}% 8
\BOOKMARK [3][-]{subsubsection.2.1.2}{\376\377\000I\000m\000a\000g\000e\000\040\000S\000e\000g\000m\000e\000n\000t\000a\000t\000i\000o\000n}{subsection.2.1}% 9
\BOOKMARK [3][-]{subsubsection.2.1.3}{\376\377\000F\000e\000a\000t\000u\000r\000e\000\040\000E\000x\000t\000r\000a\000c\000t\000i\000o\000n}{subsection.2.1}% 10
\BOOKMARK [3][-]{subsubsection.2.1.4}{\376\377\000R\000a\000d\000i\000o\000m\000i\000c\000s\000\040\000F\000e\000a\000t\000u\000r\000e\000s}{subsection.2.1}% 11
\BOOKMARK [3][-]{subsubsection.2.1.5}{\376\377\000B\000a\000s\000e\000\040\000S\000c\000a\000n\000\040\000F\000i\000l\000t\000e\000r\000s}{subsection.2.1}% 12
\BOOKMARK [3][-]{subsubsection.2.1.6}{\376\377\000C\000h\000a\000l\000l\000e\000n\000g\000e\000s\000\040\000i\000n\000\040\000R\000a\000d\000i\000o\000m\000i\000c\000s}{subsection.2.1}% 13
\BOOKMARK [2][-]{subsection.2.2}{\376\377\000M\000a\000g\000n\000e\000t\000i\000c\000\040\000R\000e\000s\000o\000n\000a\000n\000c\000e\000\040\000I\000m\000a\000g\000i\000n\000g}{section.2}% 14
\BOOKMARK [3][-]{subsubsection.2.2.1}{\376\377\000P\000h\000y\000s\000i\000c\000a\000l\000\040\000B\000a\000s\000i\000c\000s}{subsection.2.2}% 15
\BOOKMARK [3][-]{subsubsection.2.2.2}{\376\377\000O\000b\000t\000a\000i\000n\000i\000n\000g\000\040\000M\000e\000a\000s\000u\000r\000e\000m\000e\000n\000t\000s}{subsection.2.2}% 16
\BOOKMARK [3][-]{subsubsection.2.2.3}{\376\377\000T\0001\000\040\000a\000n\000d\000\040\000T\0002}{subsection.2.2}% 17
\BOOKMARK [3][-]{subsubsection.2.2.4}{\376\377\000T\000h\000e\000\040\000N\000I\000f\000T\000I\000-\0001\000.\0001\000\040\000F\000o\000r\000m\000a\000t}{subsection.2.2}% 18
\BOOKMARK [2][-]{subsection.2.3}{\376\377\000C\000l\000a\000s\000s\000i\000f\000i\000c\000a\000t\000i\000o\000n}{section.2}% 19
\BOOKMARK [3][-]{subsubsection.2.3.1}{\376\377\000D\000e\000c\000i\000s\000i\000o\000n\000\040\000T\000r\000e\000e\000s}{subsection.2.3}% 20
\BOOKMARK [3][-]{subsubsection.2.3.2}{\376\377\000C\000o\000n\000s\000t\000r\000u\000c\000t\000i\000n\000g\000\040\000D\000e\000c\000i\000s\000i\000o\000n\000\040\000T\000r\000e\000e\000s}{subsection.2.3}% 21
\BOOKMARK [3][-]{subsubsection.2.3.3}{\376\377\000R\000a\000n\000d\000o\000m\000\040\000F\000o\000r\000e\000s\000t\000s}{subsection.2.3}% 22
\BOOKMARK [3][-]{subsubsection.2.3.4}{\376\377\000E\000v\000a\000l\000u\000a\000t\000i\000o\000n}{subsection.2.3}% 23
\BOOKMARK [1][-]{section.3}{\376\377\000M\000a\000t\000e\000r\000i\000a\000l\000s\000\040\000a\000n\000d\000\040\000M\000e\000t\000h\000o\000d\000s}{}% 24
\BOOKMARK [2][-]{subsection.3.1}{\376\377\000D\000a\000t\000a\000s\000e\000t}{section.3}% 25
\BOOKMARK [2][-]{subsection.3.2}{\376\377\000C\000h\000o\000i\000c\000e\000\040\000o\000f\000\040\000T\000o\000o\000l\000s}{section.3}% 26
\BOOKMARK [2][-]{subsection.3.3}{\376\377\000E\000x\000p\000e\000r\000i\000m\000e\000n\000t\000a\000l\000\040\000S\000e\000t\000u\000p}{section.3}% 27
\BOOKMARK [2][-]{subsection.3.4}{\376\377\000H\000y\000p\000o\000t\000h\000e\000s\000i\000s}{section.3}% 28
\BOOKMARK [1][-]{section.4}{\376\377\000I\000m\000p\000l\000e\000m\000e\000n\000t\000a\000t\000i\000o\000n}{}% 29
\BOOKMARK [2][-]{subsection.4.1}{\376\377\000C\000o\000d\000e\000\040\000S\000t\000r\000u\000c\000t\000u\000r\000e}{section.4}% 30
\BOOKMARK [2][-]{subsection.4.2}{\376\377\000A\000n\000n\000o\000t\000a\000t\000i\000o\000n\000\040\000E\000x\000t\000r\000a\000p\000o\000l\000a\000t\000i\000o\000n}{section.4}% 31
\BOOKMARK [3][-]{subsubsection.4.2.1}{\376\377\000C\000r\000e\000a\000t\000i\000o\000n\000\040\000o\000f\000\040\0002\000D\000\040\000a\000n\000n\000o\000t\000a\000t\000i\000o\000n\000s}{subsection.4.2}% 32
\BOOKMARK [3][-]{subsubsection.4.2.2}{\376\377\000C\000r\000e\000a\000t\000i\000o\000n\000\040\000o\000f\000\040\0003\000D\000\040\000a\000n\000n\000o\000t\000a\000t\000i\000o\000n\000s}{subsection.4.2}% 33
\BOOKMARK [3][-]{subsubsection.4.2.3}{\376\377\000O\000p\000t\000i\000m\000i\000z\000a\000t\000i\000o\000n\000\040\000o\000f\000\040\0003\000D\000-\000r\000e\000c\000o\000n\000s\000t\000r\000u\000c\000t\000i\000o\000n}{subsection.4.2}% 34
\BOOKMARK [3][-]{subsubsection.4.2.4}{\376\377\000R\000a\000t\000i\000o\000n\000a\000l\000i\000z\000a\000t\000i\000o\000n}{subsection.4.2}% 35
\BOOKMARK [2][-]{subsection.4.3}{\376\377\000R\000e\000d\000u\000c\000i\000n\000g\000\040\000R\000e\000d\000u\000n\000d\000a\000n\000t\000\040\000W\000o\000r\000k}{section.4}% 36
\BOOKMARK [2][-]{subsection.4.4}{\376\377\000R\000e\000p\000r\000o\000d\000u\000c\000i\000b\000i\000l\000i\000t\000y}{section.4}% 37
\BOOKMARK [2][-]{subsection.4.5}{\376\377\000F\000e\000a\000t\000u\000r\000e\000\040\000E\000x\000t\000r\000a\000c\000t\000i\000o\000n}{section.4}% 38
\BOOKMARK [2][-]{subsection.4.6}{\376\377\000S\000a\000m\000p\000l\000i\000n\000g}{section.4}% 39
\BOOKMARK [2][-]{subsection.4.7}{\376\377\000F\000e\000a\000t\000u\000r\000e\000\040\000F\000i\000l\000t\000e\000r\000i\000n\000g}{section.4}% 40
\BOOKMARK [3][-]{subsubsection.4.7.1}{\376\377\000F\000i\000l\000t\000e\000r\000i\000n\000g\000\040\000b\000y\000\040\000G\000r\000o\000u\000p\000i\000n\000g}{subsection.4.7}% 41
\BOOKMARK [3][-]{subsubsection.4.7.2}{\376\377\000F\000i\000l\000t\000e\000r\000i\000n\000g\000\040\000b\000y\000\040\000I\000m\000p\000o\000r\000t\000a\000n\000c\000e}{subsection.4.7}% 42
\BOOKMARK [1][-]{section.5}{\376\377\000R\000e\000s\000u\000l\000t\000s}{}% 43
\BOOKMARK [1][-]{section.6}{\376\377\000D\000i\000s\000c\000u\000s\000s\000i\000o\000n}{}% 44
\BOOKMARK [1][-]{section.7}{\376\377\000R\000e\000f\000e\000r\000e\000n\000c\000e\000s}{}% 45
\BOOKMARK [1][-]{section.8}{\376\377\000G\000l\000o\000s\000s\000a\000r\000y}{}% 46
\BOOKMARK [1][-]{section.9}{\376\377\000A\000p\000p\000e\000n\000d\000i\000x}{}% 47
\BOOKMARK [2][-]{subsection.9.1}{\376\377\000M\000R\000I\000\040\000I\000m\000a\000g\000e\000\040\000C\000r\000e\000d\000i\000t}{section.9}% 48
\BOOKMARK [2][-]{subsection.9.2}{\376\377\000P\000y\000R\000a\000d\000i\000o\000m\000i\000c\000s\000\040\000E\000x\000t\000r\000a\000c\000t\000o\000r\000\040\000C\000o\000n\000f\000i\000g\000u\000r\000a\000t\000i\000o\000n}{section.9}% 49
\BOOKMARK [2][-]{subsection.9.3}{\376\377\000S\000o\000f\000t\000w\000a\000r\000e\000\040\000V\000e\000r\000s\000i\000o\000n\000s}{section.9}% 50
\BOOKMARK [2][-]{subsection.9.4}{\376\377\000M\000R\000I\000\040\000M\000e\000t\000a\000d\000a\000t\000a}{section.9}% 51
\BOOKMARK [2][-]{subsection.9.5}{\376\377\000G\000r\000o\000u\000p\000i\000n\000g\000\040\000A\000c\000c\000u\000r\000a\000c\000y\000\040\000v\000e\000r\000s\000u\000s\000\040\000G\000r\000o\000u\000p\000i\000n\000g\000\040\000I\000m\000p\000o\000r\000t\000a\000n\000c\000e}{section.9}% 52
\BOOKMARK [3][-]{subsubsection.9.5.1}{\376\377\000O\000u\000t\000l\000i\000e\000r\000s}{subsection.9.5}% 53
\BOOKMARK [3][-]{subsubsection.9.5.2}{\376\377\000B\000y\000\040\000I\000n\000p\000u\000t\000\040\000I\000m\000a\000g\000e\000\040\000F\000i\000l\000t\000e\000r}{subsection.9.5}% 54
\BOOKMARK [3][-]{subsubsection.9.5.3}{\376\377\000B\000y\000\040\000F\000e\000a\000t\000u\000r\000e\000\040\000G\000r\000o\000u\000p}{subsection.9.5}% 55
\BOOKMARK [3][-]{subsubsection.9.5.4}{\376\377\000B\000y\000\040\000F\000e\000a\000t\000u\000r\000e\000\040\000E\000x\000t\000r\000a\000c\000t\000i\000o\000n\000\040\000M\000e\000t\000h\000o\000d}{subsection.9.5}% 56
